<?xml version="1.0" encoding="UTF-8"?>
<!-- Generated by org.testng.reporters.JUnitXMLReporter -->
<testsuite ignored="0" hostname="Poornima" failures="0" tests="3" name="Default test" time="33.353" errors="0" timestamp="2025-09-22T15:38:25 IST">
  <testcase classname="com.comcast.crm.pom.contacttest.CreateContactsTest" name="CreateContactWithOrgTest" time="9.952"/>
  <testcase classname="com.comcast.crm.pom.contacttest.CreateContactsTest" name="CreateContactWithSupportDataTest" time="5.723"/>
  <testcase classname="com.comcast.crm.pom.contacttest.CreateContactsTest" name="createContact" time="5.185"/>
</testsuite> <!-- Default test -->
