<?xml version="1.0" encoding="UTF-8"?>
<!-- Generated by org.testng.reporters.JUnitXMLReporter -->
<testsuite ignored="2" hostname="Poornima" failures="0" tests="1" name="Test" time="17.092" errors="0" timestamp="2025-09-11T10:48:49 IST">
  <testcase classname="com.comcast.crm.pom.orgtest.CreateOrganizationTest" name="creatOrganization_Test" time="5.636"/>
  <testcase classname="com.comcast.crm.pom.orgtest.CreateOrganizationTest" name="CreatOrganizationWithType_Test" time="0.0">
    <ignored/>
  </testcase> <!-- CreatOrganizationWithType_Test -->
  <testcase classname="com.comcast.crm.pom.orgtest.CreateOrganizationTest" name="CreateOrganizationWithPhoneNumber_Test" time="0.0">
    <ignored/>
  </testcase> <!-- CreateOrganizationWithPhoneNumber_Test -->
</testsuite> <!-- Test -->
