<?xml version="1.0" encoding="UTF-8"?>
<testng-results ignored="0" total="3" passed="3" failed="0" skipped="0">
  <reporter-output>
  </reporter-output>
  <suite started-at="2025-09-22T15:37:52 IST" name="Default suite" finished-at="2025-09-22T15:38:25 IST" duration-ms="33353">
    <groups>
      <group name="regressionTest">
        <method signature="CreateContactsTest.CreateContactWithOrgTest()[pri:0, instance:com.comcast.crm.pom.contacttest.CreateContactsTest@394a2528]" name="CreateContactWithOrgTest" class="com.comcast.crm.pom.contacttest.CreateContactsTest"/>
        <method signature="CreateContactsTest.CreateContactWithSupportDataTest()[pri:0, instance:com.comcast.crm.pom.contacttest.CreateContactsTest@394a2528]" name="CreateContactWithSupportDataTest" class="com.comcast.crm.pom.contacttest.CreateContactsTest"/>
      </group> <!-- regressionTest -->
      <group name="smokeTest">
        <method signature="CreateContactsTest.createContact()[pri:0, instance:com.comcast.crm.pom.contacttest.CreateContactsTest@394a2528]" name="createContact" class="com.comcast.crm.pom.contacttest.CreateContactsTest"/>
      </group> <!-- smokeTest -->
    </groups>
    <test started-at="2025-09-22T15:37:52 IST" name="Default test" finished-at="2025-09-22T15:38:25 IST" duration-ms="33353">
      <class name="com.comcast.crm.pom.contacttest.CreateContactsTest">
        <test-method is-config="true" signature="configBS()[pri:0, instance:com.comcast.crm.pom.contacttest.CreateContactsTest@394a2528]" started-at="2025-09-22T15:37:52 IST" name="configBS" finished-at="2025-09-22T15:37:52 IST" duration-ms="236" status="PASS">
          <reporter-output>
          </reporter-output>
        </test-method> <!-- configBS -->
        <test-method is-config="true" signature="configBC()[pri:0, instance:com.comcast.crm.pom.contacttest.CreateContactsTest@394a2528]" started-at="2025-09-22T15:37:52 IST" name="configBC" finished-at="2025-09-22T15:37:58 IST" duration-ms="5728" status="PASS">
          <reporter-output>
          </reporter-output>
        </test-method> <!-- configBC -->
        <test-method is-config="true" signature="configBM()[pri:0, instance:com.comcast.crm.pom.contacttest.CreateContactsTest@394a2528]" started-at="2025-09-22T15:37:58 IST" name="configBM" finished-at="2025-09-22T15:38:00 IST" duration-ms="2043" status="PASS">
          <reporter-output>
          </reporter-output>
        </test-method> <!-- configBM -->
        <test-method signature="CreateContactWithOrgTest()[pri:0, instance:com.comcast.crm.pom.contacttest.CreateContactsTest@394a2528]" started-at="2025-09-22T15:38:00 IST" name="CreateContactWithOrgTest" finished-at="2025-09-22T15:38:10 IST" duration-ms="9952" status="PASS">
          <reporter-output>
          </reporter-output>
        </test-method> <!-- CreateContactWithOrgTest -->
        <test-method is-config="true" signature="configAM()[pri:0, instance:com.comcast.crm.pom.contacttest.CreateContactsTest@394a2528]" started-at="2025-09-22T15:38:10 IST" name="configAM" finished-at="2025-09-22T15:38:11 IST" duration-ms="838" status="PASS">
          <reporter-output>
          </reporter-output>
        </test-method> <!-- configAM -->
        <test-method is-config="true" signature="configBM()[pri:0, instance:com.comcast.crm.pom.contacttest.CreateContactsTest@394a2528]" started-at="2025-09-22T15:38:11 IST" name="configBM" finished-at="2025-09-22T15:38:11 IST" duration-ms="492" status="PASS">
          <reporter-output>
          </reporter-output>
        </test-method> <!-- configBM -->
        <test-method signature="CreateContactWithSupportDataTest()[pri:0, instance:com.comcast.crm.pom.contacttest.CreateContactsTest@394a2528]" started-at="2025-09-22T15:38:11 IST" name="CreateContactWithSupportDataTest" finished-at="2025-09-22T15:38:17 IST" duration-ms="5723" status="PASS">
          <reporter-output>
          </reporter-output>
        </test-method> <!-- CreateContactWithSupportDataTest -->
        <test-method is-config="true" signature="configAM()[pri:0, instance:com.comcast.crm.pom.contacttest.CreateContactsTest@394a2528]" started-at="2025-09-22T15:38:17 IST" name="configAM" finished-at="2025-09-22T15:38:18 IST" duration-ms="751" status="PASS">
          <reporter-output>
          </reporter-output>
        </test-method> <!-- configAM -->
        <test-method is-config="true" signature="configBM()[pri:0, instance:com.comcast.crm.pom.contacttest.CreateContactsTest@394a2528]" started-at="2025-09-22T15:38:18 IST" name="configBM" finished-at="2025-09-22T15:38:19 IST" duration-ms="1422" status="PASS">
          <reporter-output>
          </reporter-output>
        </test-method> <!-- configBM -->
        <test-method signature="createContact()[pri:0, instance:com.comcast.crm.pom.contacttest.CreateContactsTest@394a2528]" started-at="2025-09-22T15:38:19 IST" name="createContact" finished-at="2025-09-22T15:38:24 IST" duration-ms="5185" status="PASS">
          <reporter-output>
          </reporter-output>
        </test-method> <!-- createContact -->
        <test-method is-config="true" signature="configAM()[pri:0, instance:com.comcast.crm.pom.contacttest.CreateContactsTest@394a2528]" started-at="2025-09-22T15:38:24 IST" name="configAM" finished-at="2025-09-22T15:38:25 IST" duration-ms="754" status="PASS">
          <reporter-output>
          </reporter-output>
        </test-method> <!-- configAM -->
        <test-method is-config="true" signature="configAC()[pri:0, instance:com.comcast.crm.pom.contacttest.CreateContactsTest@394a2528]" started-at="2025-09-22T15:38:25 IST" name="configAC" finished-at="2025-09-22T15:38:25 IST" duration-ms="396" status="PASS">
          <reporter-output>
          </reporter-output>
        </test-method> <!-- configAC -->
        <test-method is-config="true" signature="config()[pri:0, instance:com.comcast.crm.pom.contacttest.CreateContactsTest@394a2528]" started-at="2025-09-22T15:38:26 IST" name="config" finished-at="2025-09-22T15:38:26 IST" duration-ms="1" status="PASS">
          <reporter-output>
          </reporter-output>
        </test-method> <!-- config -->
      </class> <!-- com.comcast.crm.pom.contacttest.CreateContactsTest -->
    </test> <!-- Default test -->
  </suite> <!-- Default suite -->
</testng-results>
